This is pdfTeX, Version 3.14159265-2.6-1.40.20 (TeX Live 2019/Debian) (preloaded format=pdflatex 2019.11.24)  24 NOV 2019 21:36
entering extended mode
 restricted \write18 enabled.
 %&-line parsing enabled.
**DM3.tex
(./DM3.tex
LaTeX2e <2019-10-01> patch level 3
(/usr/share/texlive/texmf-dist/tex/latex/base/article.cls
Document Class: article 2019/10/25 v1.4k Standard LaTeX document class
(/usr/share/texlive/texmf-dist/tex/latex/base/size12.clo
File: size12.clo 2019/10/25 v1.4k Standard LaTeX file (size option)
)
\c@part=\count80
\c@section=\count81
\c@subsection=\count82
\c@subsubsection=\count83
\c@paragraph=\count84
\c@subparagraph=\count85
\c@figure=\count86
\c@table=\count87
\abovecaptionskip=\skip41
\belowcaptionskip=\skip42
\bibindent=\dimen102
)
(/usr/share/texlive/texmf-dist/tex/latex/base/inputenc.sty
Package: inputenc 2018/08/11 v1.3c Input encoding file
\inpenc@prehook=\toks14
\inpenc@posthook=\toks15
)
(/usr/share/texlive/texmf-dist/tex/latex/base/fontenc.sty
Package: fontenc 2018/08/11 v2.0j Standard LaTeX package

(/usr/share/texlive/texmf-dist/tex/latex/base/t1enc.def
File: t1enc.def 2018/08/11 v2.0j Standard LaTeX file
LaTeX Font Info:    Redeclaring font encoding T1 on input line 48.
))
(/usr/share/texlive/texmf-dist/tex/latex/graphics/color.sty
Package: color 2016/07/10 v1.1e Standard LaTeX Color (DPC)

(/usr/share/texlive/texmf-dist/tex/latex/graphics-cfg/color.cfg
File: color.cfg 2016/01/02 v1.6 sample color configuration
)
Package color Info: Driver file: pdftex.def on input line 147.

(/usr/share/texlive/texmf-dist/tex/latex/graphics-def/pdftex.def
File: pdftex.def 2018/01/08 v1.0l Graphics/color driver for pdftex
))
! Undefined control sequence.
l.6 \theorembodyfont
                    {\upshape}
? 
\c@Prop=\count88
\c@Def=\count89
\c@Rem=\count90
\c@exo=\count91
\c@Meth=\count92
\c@cpreuve=\count93
\c@Th=\count94
! Undefined control sequence.
l.16 \theorembodyfont
                     {\small \sffamily }
? 
LaTeX Font Info:    Trying to load font information for T1+cmss on input line 1
6.
(/usr/share/texlive/texmf-dist/tex/latex/base/t1cmss.fd
File: t1cmss.fd 2014/09/29 v2.5h Standard LaTeX font definitions
)
\c@Ex=\count95
\c@Preu=\count96

(/usr/share/texlive/texmf-dist/tex/generic/babel/babel.sty
Package: babel 2019/10/15 3.35 The Babel package

(/usr/share/texlive/texmf-dist/tex/generic/babel/switch.def
File: switch.def 2019/10/15 3.35 Babel switching mechanism
)
Package babel Info: You haven't specified a language. I'll use 'nil'
(babel)             as the main language. Reported on input line 584.

(/usr/share/texlive/texmf-dist/tex/generic/babel/nil.ldf
Language: nil 2019/10/15 3.35 Nil language

(/usr/share/texlive/texmf-dist/tex/generic/babel/babel.def
File: babel.def 2019/10/15 3.35 Babel common definitions
\babel@savecnt=\count97
\U@D=\dimen103

(/usr/share/texlive/texmf-dist/tex/generic/babel/txtbabel.def)
\bbl@dirlevel=\count98
)
\l@nil=\language3
))
(/usr/share/texlive/texmf-dist/tex/latex/csquotes/csquotes.sty
Package: csquotes 2019/05/10 v5.2e context-sensitive quotations (JAW)

(/usr/share/texlive/texmf-dist/tex/latex/etoolbox/etoolbox.sty
Package: etoolbox 2019/09/21 v2.5h e-TeX tools for LaTeX (JAW)
\etb@tempcnta=\count99
)
(/usr/share/texlive/texmf-dist/tex/latex/graphics/keyval.sty
Package: keyval 2014/10/28 v1.15 key=value parser (DPC)
\KV@toks@=\toks16
)
\csq@reset=\count100
\csq@gtype=\count101
\csq@glevel=\count102
\csq@qlevel=\count103
\csq@maxlvl=\count104
\csq@tshold=\count105
\csq@ltx@everypar=\toks17

(/usr/share/texlive/texmf-dist/tex/latex/csquotes/csquotes.def
File: csquotes.def 2019/05/10 v5.2e csquotes generic definitions (JAW)
)
Package csquotes Info: Trying to load configuration file 'csquotes.cfg'...
Package csquotes Info: ... configuration file loaded successfully.

(/usr/share/texlive/texmf-dist/tex/latex/csquotes/csquotes.cfg
File: csquotes.cfg 
)
Package csquotes Info: Option 'babel' depreciated.
(csquotes)             Using 'autostyle'.
Package csquotes Info: Enabling multilingual quotes.
)
(/usr/share/texlive/texmf-dist/tex/latex/cancel/cancel.sty
Package: cancel 2013/04/12 v2.2 Cancel math terms
)
(/usr/share/texlive/texmf-dist/tex/latex/amsmath/amsmath.sty
Package: amsmath 2019/04/01 v2.17c AMS math features
\@mathmargin=\skip43

For additional information on amsmath, use the `?' option.
(/usr/share/texlive/texmf-dist/tex/latex/amsmath/amstext.sty
Package: amstext 2000/06/29 v2.01 AMS text

(/usr/share/texlive/texmf-dist/tex/latex/amsmath/amsgen.sty
File: amsgen.sty 1999/11/30 v2.0 generic functions
\@emptytoks=\toks18
\ex@=\dimen104
))
(/usr/share/texlive/texmf-dist/tex/latex/amsmath/amsbsy.sty
Package: amsbsy 1999/11/29 v1.2d Bold Symbols
\pmbraise@=\dimen105
)
(/usr/share/texlive/texmf-dist/tex/latex/amsmath/amsopn.sty
Package: amsopn 2016/03/08 v2.02 operator names
)
\inf@bad=\count106
LaTeX Info: Redefining \frac on input line 227.
\uproot@=\count107
\leftroot@=\count108
LaTeX Info: Redefining \overline on input line 389.
\classnum@=\count109
\DOTSCASE@=\count110
LaTeX Info: Redefining \ldots on input line 486.
LaTeX Info: Redefining \dots on input line 489.
LaTeX Info: Redefining \cdots on input line 610.
\Mathstrutbox@=\box27
\strutbox@=\box28
\big@size=\dimen106
LaTeX Font Info:    Redeclaring font encoding OML on input line 733.
LaTeX Font Info:    Redeclaring font encoding OMS on input line 734.
\macc@depth=\count111
\c@MaxMatrixCols=\count112
\dotsspace@=\muskip10
\c@parentequation=\count113
\dspbrk@lvl=\count114
\tag@help=\toks19
\row@=\count115
\column@=\count116
\maxfields@=\count117
\andhelp@=\toks20
\eqnshift@=\dimen107
\alignsep@=\dimen108
\tagshift@=\dimen109
\tagwidth@=\dimen110
\totwidth@=\dimen111
\lineht@=\dimen112
\@envbody=\toks21
\multlinegap=\skip44
\multlinetaggap=\skip45
\mathdisplay@stack=\toks22
LaTeX Info: Redefining \[ on input line 2855.
LaTeX Info: Redefining \] on input line 2856.
)
(/usr/share/texlive/texmf-dist/tex/latex/amscls/amsthm.sty
Package: amsthm 2017/10/31 v2.20.4
\thm@style=\toks23
\thm@bodyfont=\toks24
\thm@headfont=\toks25
\thm@notefont=\toks26
\thm@headpunct=\toks27
\thm@preskip=\skip46
\thm@postskip=\skip47
\thm@headsep=\skip48
\dth@everypar=\toks28
)
(/usr/share/texlive/texmf-dist/tex/latex/amsfonts/amsfonts.sty
Package: amsfonts 2013/01/14 v3.01 Basic AMSFonts support
\symAMSa=\mathgroup4
\symAMSb=\mathgroup5
LaTeX Font Info:    Redeclaring math symbol \hbar on input line 98.
LaTeX Font Info:    Overwriting math alphabet `\mathfrak' in version `bold'
(Font)                  U/euf/m/n --> U/euf/b/n on input line 106.
)
(/usr/share/texlive/texmf-dist/tex/latex/amsfonts/amssymb.sty
Package: amssymb 2013/01/14 v3.01 AMS font symbols
)
(/usr/share/texlive/texmf-dist/tex/latex/graphics/graphicx.sty
Package: graphicx 2017/06/01 v1.1a Enhanced LaTeX Graphics (DPC,SPQR)

(/usr/share/texlive/texmf-dist/tex/latex/graphics/graphics.sty
Package: graphics 2019/11/01 v1.3d Standard LaTeX Graphics (DPC,SPQR)

(/usr/share/texlive/texmf-dist/tex/latex/graphics/trig.sty
Package: trig 2016/01/03 v1.10 sin cos tan (DPC)
)
(/usr/share/texlive/texmf-dist/tex/latex/graphics-cfg/graphics.cfg
File: graphics.cfg 2016/06/04 v1.11 sample graphics configuration
)
Package graphics Info: Driver file: pdftex.def on input line 105.
)
\Gin@req@height=\dimen113
\Gin@req@width=\dimen114
)
(/usr/share/texlive/texmf-dist/tex/latex/framed/framed.sty
Package: framed 2011/10/22 v 0.96: framed or shaded text with page breaks
\OuterFrameSep=\skip49
\fb@frw=\dimen115
\fb@frh=\dimen116
\FrameRule=\dimen117
\FrameSep=\dimen118
)
(/usr/share/texlive/texmf-dist/tex/latex/fancyhdr/fancyhdr.sty
Package: fancyhdr 2019/01/31 v3.10 Extensive control of page headers and footer
s
\f@nch@headwidth=\skip50
\f@nch@O@elh=\skip51
\f@nch@O@erh=\skip52
\f@nch@O@olh=\skip53
\f@nch@O@orh=\skip54
\f@nch@O@elf=\skip55
\f@nch@O@erf=\skip56
\f@nch@O@olf=\skip57
\f@nch@O@orf=\skip58
)
(/usr/share/texlive/texmf-dist/tex/latex/geometry/geometry.sty
Package: geometry 2018/04/16 v5.8 Page Geometry

(/usr/share/texlive/texmf-dist/tex/generic/iftex/ifpdf.sty
Package: ifpdf 2019/10/25 v3.4 ifpdf legacy package. Use iftex instead.

(/usr/share/texlive/texmf-dist/tex/generic/iftex/iftex.sty
Package: iftex 2019/11/07 v1.0c TeX engine tests
))
(/usr/share/texlive/texmf-dist/tex/generic/iftex/ifvtex.sty
Package: ifvtex 2019/10/25 v1.7 ifvtex legacy package. Use iftex instead.
)
(/usr/share/texlive/texmf-dist/tex/generic/iftex/ifxetex.sty
Package: ifxetex 2019/10/25 v0.7 ifxetex legacy package. Use iftex instead.
)
\Gm@cnth=\count118
\Gm@cntv=\count119
\c@Gm@tempcnt=\count120
\Gm@bindingoffset=\dimen119
\Gm@wd@mp=\dimen120
\Gm@odd@mp=\dimen121
\Gm@even@mp=\dimen122
\Gm@layoutwidth=\dimen123
\Gm@layoutheight=\dimen124
\Gm@layouthoffset=\dimen125
\Gm@layoutvoffset=\dimen126
\Gm@dimlist=\toks29
)
(/usr/share/texlive/texmf-dist/tex/latex/tools/array.sty
Package: array 2019/08/31 v2.4l Tabular extension package (FMi)
\col@sep=\dimen127
\ar@mcellbox=\box29
\extrarowheight=\dimen128
\NC@list=\toks30
\extratabsurround=\skip59
\backup@length=\skip60
\ar@cellbox=\box30
)
(/usr/share/texlive/texmf-dist/tex/latex/fancybox/fancybox.sty
Package: fancybox 2010/05/15 1.4

Style option: `fancybox' v1.4 <2010/05/15> (tvz)
\@fancybox=\box31
\shadowsize=\dimen129
\@Sbox=\box32
\do@VerbBox=\toks31
\the@fancyput=\toks32
\this@fancyput=\toks33
\EndVerbatimTokens=\toks34
\Verbatim@Outfile=\write3
\Verbatim@Infile=\read1
)

! LaTeX Error: File `pst-tree.sty' not found.

Type X to quit or <RETURN> to proceed,
or enter new name. (Default extension: sty)

Enter file name: 
(/usr/share/texlive/texmf-dist/tex/latex/ntheorem/ntheorem.sty
Style `ntheorem', Version 1.33 <2011/08/15>
Package: ntheorem 2011/08/15 1.33
(/usr/share/texlive/texmf-dist/tex/latex/base/ifthen.sty
Package: ifthen 2014/09/29 v1.1c Standard LaTeX ifthen package (DPC)
)

! Package ntheorem Error: Theorem style plain already defined.

See the ntheorem package documentation for explanation.
Type  H <return>  for immediate help.
 ...                                              
                                                  
l.524 ...rfont ##1\ ##2\ (##3)\theorem@separator]}
                                                  
? 
\theorem@style=\toks35
\theorem@@style=\toks36
\theorembodyfont=\toks37
\theoremnumbering=\toks38
\theorempreskipamount=\skip61
\theorempostskipamount=\skip62
\theoremframepreskipamount=\skip63
\theoremframepostskipamount=\skip64
\theoreminframepreskipamount=\skip65
\theoreminframepostskipamount=\skip66
\theorem@preskip=\toks39
\theorem@postskip=\toks40
\theorem@framepreskip=\toks41
\theorem@framepostskip=\toks42
\theorem@inframepreskip=\toks43
\theorem@inframepostskip=\toks44
\theoremindent=\dimen130
\theorem@indent=\dimen131
\theoremrightindent=\dimen132
\theorem@rightindent=\dimen133
\theoremheaderfont=\toks45
\theoremseparator=\toks46
\theoremprework=\toks47
\theorempostwork=\toks48
\theoremsymbol=\toks49
\qedsymbol=\toks50
\theoremkeyword=\toks51
\qedsymbol=\toks52
\thm@topsep=\skip67
\thm@topsepadd=\skip68
\shadecolor=\toks53
) (/usr/share/texlive/texmf-dist/tex/latex/eurosym/eurosym.sty
Package: eurosym 1998/08/06 v1.1 European currency symbol ``Euro''
\@eurobox=\box33
)
(/usr/share/texlive/texmf-dist/tex/latex/numprint/numprint.sty
Package: numprint 2012/08/20 v1.39 Print numbers (HH)
\c@nprt@mantissa@digitsbefore=\count121
\c@nprt@mantissa@digitsafter=\count122
\c@nprt@exponent@digitsbefore=\count123
\c@nprt@exponent@digitsafter=\count124
\nprt@digitwidth=\skip69
\nprt@sepwidth=\skip70
\nprt@decimalwidth=\skip71
\nprt@blockwidth=\skip72
\nprt@digittoks=\toks54
\nprt@pretoks=\toks55
\nprt@posttoks=\toks56
\nprt@thisdigit=\count125
\nprt@curpos=\count126
\nprt@rndpos=\count127
\c@nprt@digitsfirstblock=\count128
\c@nprt@blockcnt=\count129
\c@nprt@cntprint=\count130

No configuration file `numprint.cfg' found.)
(/usr/share/texlive/texmf-dist/tex/latex/psnfss/pifont.sty
Package: pifont 2005/04/12 PSNFSS-v9.2a Pi font support (SPQR) 
LaTeX Font Info:    Trying to load font information for U+pzd on input line 63.


(/usr/share/texlive/texmf-dist/tex/latex/psnfss/upzd.fd
File: upzd.fd 2001/06/04 font definitions for U/pzd.
)
LaTeX Font Info:    Trying to load font information for U+psy on input line 64.


(/usr/share/texlive/texmf-dist/tex/latex/psnfss/upsy.fd
File: upsy.fd 2001/06/04 font definitions for U/psy.
))
(/usr/share/texlive/texmf-dist/tex/latex/jknapltx/mathrsfs.sty
Package: mathrsfs 1996/01/01 Math RSFS package v1.0 (jk)
\symrsfs=\mathgroup6
)
(/usr/share/texlive/texmf-dist/tex/latex/pgf/basiclayer/pgf.sty
(/usr/share/texlive/texmf-dist/tex/latex/pgf/utilities/pgfrcs.sty
(/usr/share/texlive/texmf-dist/tex/generic/pgf/utilities/pgfutil-common.tex
\pgfutil@everybye=\toks57
\pgfutil@tempdima=\dimen134
\pgfutil@tempdimb=\dimen135

(/usr/share/texlive/texmf-dist/tex/generic/pgf/utilities/pgfutil-common-lists.t
ex)) (/usr/share/texlive/texmf-dist/tex/generic/pgf/utilities/pgfutil-latex.def
\pgfutil@abb=\box34
(/usr/share/texlive/texmf-dist/tex/latex/ms/everyshi.sty
Package: everyshi 2001/05/15 v3.00 EveryShipout Package (MS)
))
(/usr/share/texlive/texmf-dist/tex/generic/pgf/utilities/pgfrcs.code.tex
(/usr/share/texlive/texmf-dist/tex/generic/pgf/pgf.revision.tex)
Package: pgfrcs 2019/08/03 v3.1.4b (3.1.4b)
))
Package: pgf 2019/08/03 v3.1.4b (3.1.4b)

(/usr/share/texlive/texmf-dist/tex/latex/pgf/basiclayer/pgfcore.sty
(/usr/share/texlive/texmf-dist/tex/latex/pgf/systemlayer/pgfsys.sty
(/usr/share/texlive/texmf-dist/tex/generic/pgf/systemlayer/pgfsys.code.tex
Package: pgfsys 2019/08/03 v3.1.4b (3.1.4b)

(/usr/share/texlive/texmf-dist/tex/generic/pgf/utilities/pgfkeys.code.tex
\pgfkeys@pathtoks=\toks58
\pgfkeys@temptoks=\toks59

(/usr/share/texlive/texmf-dist/tex/generic/pgf/utilities/pgfkeysfiltered.code.t
ex
\pgfkeys@tmptoks=\toks60
))
\pgf@x=\dimen136
\pgf@y=\dimen137
\pgf@xa=\dimen138
\pgf@ya=\dimen139
\pgf@xb=\dimen140
\pgf@yb=\dimen141
\pgf@xc=\dimen142
\pgf@yc=\dimen143
\pgf@xd=\dimen144
\pgf@yd=\dimen145
\w@pgf@writea=\write4
\r@pgf@reada=\read2
\c@pgf@counta=\count131
\c@pgf@countb=\count132
\c@pgf@countc=\count133
\c@pgf@countd=\count134
\t@pgf@toka=\toks61
\t@pgf@tokb=\toks62
\t@pgf@tokc=\toks63
\pgf@sys@id@count=\count135
 (/usr/share/texlive/texmf-dist/tex/generic/pgf/systemlayer/pgf.cfg
File: pgf.cfg 2019/08/03 v3.1.4b (3.1.4b)
)
Driver file for pgf: pgfsys-pdftex.def

(/usr/share/texlive/texmf-dist/tex/generic/pgf/systemlayer/pgfsys-pdftex.def
File: pgfsys-pdftex.def 2019/08/03 v3.1.4b (3.1.4b)

(/usr/share/texlive/texmf-dist/tex/generic/pgf/systemlayer/pgfsys-common-pdf.de
f
File: pgfsys-common-pdf.def 2019/08/03 v3.1.4b (3.1.4b)
)))
(/usr/share/texlive/texmf-dist/tex/generic/pgf/systemlayer/pgfsyssoftpath.code.
tex
File: pgfsyssoftpath.code.tex 2019/08/03 v3.1.4b (3.1.4b)
\pgfsyssoftpath@smallbuffer@items=\count136
\pgfsyssoftpath@bigbuffer@items=\count137
)
(/usr/share/texlive/texmf-dist/tex/generic/pgf/systemlayer/pgfsysprotocol.code.
tex
File: pgfsysprotocol.code.tex 2019/08/03 v3.1.4b (3.1.4b)
)) (/usr/share/texlive/texmf-dist/tex/latex/xcolor/xcolor.sty
Package: xcolor 2016/05/11 v2.12 LaTeX color extensions (UK)

(/usr/share/texlive/texmf-dist/tex/latex/graphics-cfg/color.cfg
File: color.cfg 2016/01/02 v1.6 sample color configuration
)
Package xcolor Info: Driver file: pdftex.def on input line 225.
LaTeX Info: Redefining \color on input line 709.
Package xcolor Info: Model `cmy' substituted by `cmy0' on input line 1348.
Package xcolor Info: Model `hsb' substituted by `rgb' on input line 1352.
Package xcolor Info: Model `RGB' extended on input line 1364.
Package xcolor Info: Model `HTML' substituted by `rgb' on input line 1366.
Package xcolor Info: Model `Hsb' substituted by `hsb' on input line 1367.
Package xcolor Info: Model `tHsb' substituted by `hsb' on input line 1368.
Package xcolor Info: Model `HSB' substituted by `hsb' on input line 1369.
Package xcolor Info: Model `Gray' substituted by `gray' on input line 1370.
Package xcolor Info: Model `wave' substituted by `hsb' on input line 1371.
)
(/usr/share/texlive/texmf-dist/tex/generic/pgf/basiclayer/pgfcore.code.tex
Package: pgfcore 2019/08/03 v3.1.4b (3.1.4b)

(/usr/share/texlive/texmf-dist/tex/generic/pgf/math/pgfmath.code.tex
(/usr/share/texlive/texmf-dist/tex/generic/pgf/math/pgfmathcalc.code.tex
(/usr/share/texlive/texmf-dist/tex/generic/pgf/math/pgfmathutil.code.tex)
(/usr/share/texlive/texmf-dist/tex/generic/pgf/math/pgfmathparser.code.tex
\pgfmath@dimen=\dimen146
\pgfmath@count=\count138
\pgfmath@box=\box35
\pgfmath@toks=\toks64
\pgfmath@stack@operand=\toks65
\pgfmath@stack@operation=\toks66
)
(/usr/share/texlive/texmf-dist/tex/generic/pgf/math/pgfmathfunctions.code.tex
(/usr/share/texlive/texmf-dist/tex/generic/pgf/math/pgfmathfunctions.basic.code
.tex)
(/usr/share/texlive/texmf-dist/tex/generic/pgf/math/pgfmathfunctions.trigonomet
ric.code.tex)
(/usr/share/texlive/texmf-dist/tex/generic/pgf/math/pgfmathfunctions.random.cod
e.tex)
(/usr/share/texlive/texmf-dist/tex/generic/pgf/math/pgfmathfunctions.comparison
.code.tex)
(/usr/share/texlive/texmf-dist/tex/generic/pgf/math/pgfmathfunctions.base.code.
tex)
(/usr/share/texlive/texmf-dist/tex/generic/pgf/math/pgfmathfunctions.round.code
.tex)
(/usr/share/texlive/texmf-dist/tex/generic/pgf/math/pgfmathfunctions.misc.code.
tex)
(/usr/share/texlive/texmf-dist/tex/generic/pgf/math/pgfmathfunctions.integerari
thmetics.code.tex)))
(/usr/share/texlive/texmf-dist/tex/generic/pgf/math/pgfmathfloat.code.tex
\c@pgfmathroundto@lastzeros=\count139
))
(/usr/share/texlive/texmf-dist/tex/generic/pgf/math/pgfint.code.tex)
(/usr/share/texlive/texmf-dist/tex/generic/pgf/basiclayer/pgfcorepoints.code.te
x
File: pgfcorepoints.code.tex 2019/08/03 v3.1.4b (3.1.4b)
\pgf@picminx=\dimen147
\pgf@picmaxx=\dimen148
\pgf@picminy=\dimen149
\pgf@picmaxy=\dimen150
\pgf@pathminx=\dimen151
\pgf@pathmaxx=\dimen152
\pgf@pathminy=\dimen153
\pgf@pathmaxy=\dimen154
\pgf@xx=\dimen155
\pgf@xy=\dimen156
\pgf@yx=\dimen157
\pgf@yy=\dimen158
\pgf@zx=\dimen159
\pgf@zy=\dimen160
)
(/usr/share/texlive/texmf-dist/tex/generic/pgf/basiclayer/pgfcorepathconstruct.
code.tex
File: pgfcorepathconstruct.code.tex 2019/08/03 v3.1.4b (3.1.4b)
\pgf@path@lastx=\dimen161
\pgf@path@lasty=\dimen162
)
(/usr/share/texlive/texmf-dist/tex/generic/pgf/basiclayer/pgfcorepathusage.code
.tex
File: pgfcorepathusage.code.tex 2019/08/03 v3.1.4b (3.1.4b)
\pgf@shorten@end@additional=\dimen163
\pgf@shorten@start@additional=\dimen164
)
(/usr/share/texlive/texmf-dist/tex/generic/pgf/basiclayer/pgfcorescopes.code.te
x
File: pgfcorescopes.code.tex 2019/08/03 v3.1.4b (3.1.4b)
\pgfpic=\box36
\pgf@hbox=\box37
\pgf@layerbox@main=\box38
\pgf@picture@serial@count=\count140
)
(/usr/share/texlive/texmf-dist/tex/generic/pgf/basiclayer/pgfcoregraphicstate.c
ode.tex
File: pgfcoregraphicstate.code.tex 2019/08/03 v3.1.4b (3.1.4b)
\pgflinewidth=\dimen165
)
(/usr/share/texlive/texmf-dist/tex/generic/pgf/basiclayer/pgfcoretransformation
s.code.tex
File: pgfcoretransformations.code.tex 2019/08/03 v3.1.4b (3.1.4b)
\pgf@pt@x=\dimen166
\pgf@pt@y=\dimen167
\pgf@pt@temp=\dimen168
)
(/usr/share/texlive/texmf-dist/tex/generic/pgf/basiclayer/pgfcorequick.code.tex
File: pgfcorequick.code.tex 2019/08/03 v3.1.4b (3.1.4b)
)
(/usr/share/texlive/texmf-dist/tex/generic/pgf/basiclayer/pgfcoreobjects.code.t
ex
File: pgfcoreobjects.code.tex 2019/08/03 v3.1.4b (3.1.4b)
)
(/usr/share/texlive/texmf-dist/tex/generic/pgf/basiclayer/pgfcorepathprocessing
.code.tex
File: pgfcorepathprocessing.code.tex 2019/08/03 v3.1.4b (3.1.4b)
)
(/usr/share/texlive/texmf-dist/tex/generic/pgf/basiclayer/pgfcorearrows.code.te
x
File: pgfcorearrows.code.tex 2019/08/03 v3.1.4b (3.1.4b)
\pgfarrowsep=\dimen169
)
(/usr/share/texlive/texmf-dist/tex/generic/pgf/basiclayer/pgfcoreshade.code.tex
File: pgfcoreshade.code.tex 2019/08/03 v3.1.4b (3.1.4b)
\pgf@max=\dimen170
\pgf@sys@shading@range@num=\count141
\pgf@shadingcount=\count142
)
(/usr/share/texlive/texmf-dist/tex/generic/pgf/basiclayer/pgfcoreimage.code.tex
File: pgfcoreimage.code.tex 2019/08/03 v3.1.4b (3.1.4b)

(/usr/share/texlive/texmf-dist/tex/generic/pgf/basiclayer/pgfcoreexternal.code.
tex
File: pgfcoreexternal.code.tex 2019/08/03 v3.1.4b (3.1.4b)
\pgfexternal@startupbox=\box39
))
(/usr/share/texlive/texmf-dist/tex/generic/pgf/basiclayer/pgfcorelayers.code.te
x
File: pgfcorelayers.code.tex 2019/08/03 v3.1.4b (3.1.4b)
)
(/usr/share/texlive/texmf-dist/tex/generic/pgf/basiclayer/pgfcoretransparency.c
ode.tex
File: pgfcoretransparency.code.tex 2019/08/03 v3.1.4b (3.1.4b)
)
(/usr/share/texlive/texmf-dist/tex/generic/pgf/basiclayer/pgfcorepatterns.code.
tex
File: pgfcorepatterns.code.tex 2019/08/03 v3.1.4b (3.1.4b)
)
(/usr/share/texlive/texmf-dist/tex/generic/pgf/basiclayer/pgfcorerdf.code.tex
File: pgfcorerdf.code.tex 2019/08/03 v3.1.4b (3.1.4b)
)))
(/usr/share/texlive/texmf-dist/tex/generic/pgf/modules/pgfmoduleshapes.code.tex
File: pgfmoduleshapes.code.tex 2019/08/03 v3.1.4b (3.1.4b)
\pgfnodeparttextbox=\box40
) (/usr/share/texlive/texmf-dist/tex/generic/pgf/modules/pgfmoduleplot.code.tex
File: pgfmoduleplot.code.tex 2019/08/03 v3.1.4b (3.1.4b)
)
(/usr/share/texlive/texmf-dist/tex/latex/pgf/compatibility/pgfcomp-version-0-65
.sty
Package: pgfcomp-version-0-65 2019/08/03 v3.1.4b (3.1.4b)
\pgf@nodesepstart=\dimen171
\pgf@nodesepend=\dimen172
)
(/usr/share/texlive/texmf-dist/tex/latex/pgf/compatibility/pgfcomp-version-1-18
.sty
Package: pgfcomp-version-1-18 2019/08/03 v3.1.4b (3.1.4b)
)) (/usr/share/texlive/texmf-dist/tex/latex/pgf/frontendlayer/tikz.sty
(/usr/share/texlive/texmf-dist/tex/latex/pgf/utilities/pgffor.sty
(/usr/share/texlive/texmf-dist/tex/latex/pgf/utilities/pgfkeys.sty
(/usr/share/texlive/texmf-dist/tex/generic/pgf/utilities/pgfkeys.code.tex))
(/usr/share/texlive/texmf-dist/tex/latex/pgf/math/pgfmath.sty
(/usr/share/texlive/texmf-dist/tex/generic/pgf/math/pgfmath.code.tex))
(/usr/share/texlive/texmf-dist/tex/generic/pgf/utilities/pgffor.code.tex
Package: pgffor 2019/08/03 v3.1.4b (3.1.4b)

(/usr/share/texlive/texmf-dist/tex/generic/pgf/math/pgfmath.code.tex)
\pgffor@iter=\dimen173
\pgffor@skip=\dimen174
\pgffor@stack=\toks67
\pgffor@toks=\toks68
))
(/usr/share/texlive/texmf-dist/tex/generic/pgf/frontendlayer/tikz/tikz.code.tex
Package: tikz 2019/08/03 v3.1.4b (3.1.4b)

(/usr/share/texlive/texmf-dist/tex/generic/pgf/libraries/pgflibraryplothandlers
.code.tex
File: pgflibraryplothandlers.code.tex 2019/08/03 v3.1.4b (3.1.4b)
\pgf@plot@mark@count=\count143
\pgfplotmarksize=\dimen175
)
\tikz@lastx=\dimen176
\tikz@lasty=\dimen177
\tikz@lastxsaved=\dimen178
\tikz@lastysaved=\dimen179
\tikz@lastmovetox=\dimen180
\tikz@lastmovetoy=\dimen181
\tikzleveldistance=\dimen182
\tikzsiblingdistance=\dimen183
\tikz@figbox=\box41
\tikz@figbox@bg=\box42
\tikz@tempbox=\box43
\tikz@tempbox@bg=\box44
\tikztreelevel=\count144
\tikznumberofchildren=\count145
\tikznumberofcurrentchild=\count146
\tikz@fig@count=\count147

(/usr/share/texlive/texmf-dist/tex/generic/pgf/modules/pgfmodulematrix.code.tex
File: pgfmodulematrix.code.tex 2019/08/03 v3.1.4b (3.1.4b)
\pgfmatrixcurrentrow=\count148
\pgfmatrixcurrentcolumn=\count149
\pgf@matrix@numberofcolumns=\count150
)
\tikz@expandcount=\count151

(/usr/share/texlive/texmf-dist/tex/generic/pgf/frontendlayer/tikz/libraries/tik
zlibrarytopaths.code.tex
File: tikzlibrarytopaths.code.tex 2019/08/03 v3.1.4b (3.1.4b)
)))
(/usr/share/texlive/texmf-dist/tex/latex/tools/multicol.sty
Package: multicol 2019/03/01 v1.8w multicolumn formatting (FMi)
\c@tracingmulticols=\count152
\mult@box=\box45
\multicol@leftmargin=\dimen184
\c@unbalance=\count153
\c@collectmore=\count154
\doublecol@number=\count155
\multicoltolerance=\count156
\multicolpretolerance=\count157
\full@width=\dimen185
\page@free=\dimen186
\premulticols=\dimen187
\postmulticols=\dimen188
\multicolsep=\skip73
\multicolbaselineskip=\skip74
\partial@page=\box46
\last@line=\box47
\maxbalancingoverflow=\dimen189
\mult@rightbox=\box48
\mult@grightbox=\box49
\mult@gfirstbox=\box50
\mult@firstbox=\box51
\@tempa=\box52
\@tempa=\box53
\@tempa=\box54
\@tempa=\box55
\@tempa=\box56
\@tempa=\box57
\@tempa=\box58
\@tempa=\box59
\@tempa=\box60
\@tempa=\box61
\@tempa=\box62
\@tempa=\box63
\@tempa=\box64
\@tempa=\box65
\@tempa=\box66
\@tempa=\box67
\@tempa=\box68
\c@minrows=\count158
\c@columnbadness=\count159
\c@finalcolumnbadness=\count160
\last@try=\dimen190
\multicolovershoot=\dimen191
\multicolundershoot=\dimen192
\mult@nat@firstbox=\box69
\colbreak@box=\box70
\mc@col@check@num=\count161
)
(/usr/share/texlive/texmf-dist/tex/generic/pgf/frontendlayer/tikz/libraries/tik
zlibraryarrows.code.tex
File: tikzlibraryarrows.code.tex 2019/08/03 v3.1.4b (3.1.4b)

(/usr/share/texlive/texmf-dist/tex/generic/pgf/libraries/pgflibraryarrows.code.
tex
File: pgflibraryarrows.code.tex 2019/08/03 v3.1.4b (3.1.4b)
\arrowsize=\dimen193
))

! LaTeX Error: File `bclogo.sty' not found.

Type X to quit or <RETURN> to proceed,
or enter new name. (Default extension: sty)

Enter file name: 

! LaTeX Error: Unknown option `tikz' for package `bclogo'.

See the LaTeX manual or LaTeX Companion for explanation.
Type  H <return>  for immediate help.
 ...                                              
                                                  
l.53 
     
? 
Package csquotes Info: Checking for multilingual support...
Package csquotes Info: ... found 'babel' package.

LaTeX Warning: Unused global option(s):
    [french].

(./DM3.aux)
\openout1 = `DM3.aux'.

LaTeX Font Info:    Checking defaults for OML/cmm/m/it on input line 78.
LaTeX Font Info:    ... okay on input line 78.
LaTeX Font Info:    Checking defaults for T1/cmr/m/n on input line 78.
LaTeX Font Info:    ... okay on input line 78.
LaTeX Font Info:    Checking defaults for OT1/cmr/m/n on input line 78.
LaTeX Font Info:    ... okay on input line 78.
LaTeX Font Info:    Checking defaults for OMS/cmsy/m/n on input line 78.
LaTeX Font Info:    ... okay on input line 78.
LaTeX Font Info:    Checking defaults for OMX/cmex/m/n on input line 78.
LaTeX Font Info:    ... okay on input line 78.
LaTeX Font Info:    Checking defaults for U/cmr/m/n on input line 78.
LaTeX Font Info:    ... okay on input line 78.
 (/usr/share/texlive/texmf-dist/tex/context/base/mkii/supp-pdf.mkii
[Loading MPS to PDF converter (version 2006.09.02).]
\scratchcounter=\count162
\scratchdimen=\dimen194
\scratchbox=\box71
\nofMPsegments=\count163
\nofMParguments=\count164
\everyMPshowfont=\toks69
\MPscratchCnt=\count165
\MPscratchDim=\dimen195
\MPnumerator=\count166
\makeMPintoPDFobject=\count167
\everyMPtoPDFconversion=\toks70
) (/usr/share/texlive/texmf-dist/tex/latex/oberdiek/epstopdf-base.sty
Package: epstopdf-base 2016/05/15 v2.6 Base part for package epstopdf

(/usr/share/texlive/texmf-dist/tex/generic/oberdiek/infwarerr.sty
Package: infwarerr 2016/05/16 v1.4 Providing info/warning/error messages (HO)
)
(/usr/share/texlive/texmf-dist/tex/latex/oberdiek/grfext.sty
Package: grfext 2016/05/16 v1.2 Manage graphics extensions (HO)

(/usr/share/texlive/texmf-dist/tex/generic/oberdiek/kvdefinekeys.sty
Package: kvdefinekeys 2016/05/16 v1.4 Define keys (HO)

(/usr/share/texlive/texmf-dist/tex/generic/oberdiek/ltxcmds.sty
Package: ltxcmds 2016/05/16 v1.23 LaTeX kernel commands for general use (HO)
)))
(/usr/share/texlive/texmf-dist/tex/latex/oberdiek/kvoptions.sty
Package: kvoptions 2016/05/16 v3.12 Key value format for package options (HO)

(/usr/share/texlive/texmf-dist/tex/generic/oberdiek/kvsetkeys.sty
Package: kvsetkeys 2016/05/16 v1.17 Key value parser (HO)

(/usr/share/texlive/texmf-dist/tex/generic/oberdiek/etexcmds.sty
Package: etexcmds 2016/05/16 v1.6 Avoid name clashes with e-TeX commands (HO)

(/usr/share/texlive/texmf-dist/tex/generic/iftex/ifluatex.sty
Package: ifluatex 2019/10/25 v1.5 ifluatex legacy package. Use iftex instead.
))))
(/usr/share/texlive/texmf-dist/tex/generic/oberdiek/pdftexcmds.sty
Package: pdftexcmds 2019/07/25 v0.30 Utility functions of pdfTeX for LuaTeX (HO
)
Package pdftexcmds Info: LuaTeX not detected.
Package pdftexcmds Info: \pdf@primitive is available.
Package pdftexcmds Info: \pdf@ifprimitive is available.
Package pdftexcmds Info: \pdfdraftmode found.
)
Package epstopdf-base Info: Redefining graphics rule for `.eps' on input line 4
38.
Package grfext Info: Graphics extension search list:
(grfext)             [.pdf,.png,.jpg,.mps,.jpeg,.jbig2,.jb2,.PDF,.PNG,.JPG,.JPE
G,.JBIG2,.JB2,.eps]
(grfext)             \AppendGraphicsExtensions on input line 456.

(/usr/share/texlive/texmf-dist/tex/latex/latexconfig/epstopdf-sys.cfg
File: epstopdf-sys.cfg 2010/07/13 v1.3 Configuration of (r)epstopdf for TeX Liv
e
))
*geometry* driver: auto-detecting
*geometry* detected driver: pdftex
*geometry* verbose mode - [ preamble ] result:
* driver: pdftex
* paper: a4paper
* layout: <same size as paper>
* layoutoffset:(h,v)=(0.0pt,0.0pt)
* modes: 
* h-part:(L,W,R)=(36.98866pt, 526.37599pt, 34.14322pt)
* v-part:(T,H,B)=(56.9055pt, 745.46222pt, 42.67912pt)
* \paperwidth=597.50787pt
* \paperheight=845.04684pt
* \textwidth=526.37599pt
* \textheight=745.46222pt
* \oddsidemargin=-35.28133pt
* \evensidemargin=-35.28133pt
* \topmargin=-52.36449pt
* \headheight=12.0pt
* \headsep=25.0pt
* \topskip=12.0pt
* \footskip=30.0pt
* \marginparwidth=35.0pt
* \marginparsep=10.0pt
* \columnsep=10.0pt
* \skip\footins=10.8pt plus 4.0pt minus 2.0pt
* \hoffset=0.0pt
* \voffset=0.0pt
* \mag=1000
* \@twocolumnfalse
* \@twosidefalse
* \@mparswitchfalse
* \@reversemarginfalse
* (1in=72.27pt=25.4mm, 1cm=28.453pt)

ABD: EveryShipout initializing macros
LaTeX Font Info:    Trying to load font information for U+msa on input line 81.


(/usr/share/texlive/texmf-dist/tex/latex/amsfonts/umsa.fd
File: umsa.fd 2013/01/14 v3.01 AMS symbols A
)
LaTeX Font Info:    Trying to load font information for U+msb on input line 81.


(/usr/share/texlive/texmf-dist/tex/latex/amsfonts/umsb.fd
File: umsb.fd 2013/01/14 v3.01 AMS symbols B
)
LaTeX Font Info:    Trying to load font information for U+rsfs on input line 81
.

(/usr/share/texlive/texmf-dist/tex/latex/jknapltx/ursfs.fd
File: ursfs.fd 1998/03/24 rsfs font definition file (jk)
)

! LaTeX Error: Environment Exo undefined.

See the LaTeX manual or LaTeX Companion for explanation.
Type  H <return>  for immediate help.
 ...                                              
                                                  
l.85 \begin{Exo}
                
? 

! LaTeX Error: Lonely \item--perhaps a missing list environment.

See the LaTeX manual or LaTeX Companion for explanation.
Type  H <return>  for immediate help.
 ...                                              
                                                  
l.86 \item \underline
                     {\textbf{Exercice 1}}
? 

Underfull \hbox (badness 10000) detected at line 86
[][]
 []

! Missing $ inserted.
<inserted text> 
                $
l.89 			u$_n$ = \dfrac{3\times n-1}{n-2}
                                        \\ \\ \\
? 
! Extra }, or forgotten $.
\@genfrac ...egingroup #4\endgroup #2#3\relax #5}}
                                                  
l.89 			u$_n$ = \dfrac{3\times n-1}{n-2}
                                        \\ \\ \\
? 
! Missing $ inserted.
<inserted text> 
                $
l.90 			u$_
           3$ = \dfrac{3\times 3-1}{3-2} \Leftrightarrow \dfrac{9-1}{1} \Lef...

? 
! Missing $ inserted.
<inserted text> 
                $
l.90 			u$_3$ = \dfrac{3\times 3-1}{3-2}
                                         \Leftrightarrow \dfrac{9-1}{1} \Lef...

? 
! Extra }, or forgotten $.
\@genfrac ...egingroup #4\endgroup #2#3\relax #5}}
                                                  
l.90 			u$_3$ = \dfrac{3\times 3-1}{3-2}
                                         \Leftrightarrow \dfrac{9-1}{1} \Lef...

? 
! Missing $ inserted.
<inserted text> 
                $
l.91 			u$_
           4$ = \dfrac{3\times 4-1}{4-2} \Leftrightarrow \dfrac{12-1}{2} \Le...

? 
! Missing $ inserted.
<inserted text> 
                $
l.91 			u$_4$ = \dfrac{3\times 4-1}{4-2}
                                         \Leftrightarrow \dfrac{12-1}{2} \Le...

? 
! Extra }, or forgotten $.
\@genfrac ...egingroup #4\endgroup #2#3\relax #5}}
                                                  
l.91 			u$_4$ = \dfrac{3\times 4-1}{4-2}
                                         \Leftrightarrow \dfrac{12-1}{2} \Le...

? 
! Missing $ inserted.
<inserted text> 
                $
l.92 			u$_
           5$ = \dfrac{3\times 5-1}{5-2} \Leftrightarrow \dfrac{15-1}{3} \Le...

? 
! Missing $ inserted.
<inserted text> 
                $
l.92 			u$_5$ = \dfrac{3\times 5-1}{5-2}
                                         \Leftrightarrow \dfrac{15-1}{3} \Le...

? 
! Extra }, or forgotten $.
\@genfrac ...egingroup #4\endgroup #2#3\relax #5}}
                                                  
l.92 			u$_5$ = \dfrac{3\times 5-1}{5-2}
                                         \Leftrightarrow \dfrac{15-1}{3} \Le...

? 
! Missing $ inserted.
<inserted text> 
                $
l.93 		La~suite (u$_
                    n$) semble d\'ecroissante car u$_3$ > u$_4$ > u$_5$ \par
? 
! Missing $ inserted.
<inserted text> 
                $
l.95 		\item On cherche pour \forall
                                    ~n \geq 3~u$_{n+1}$ $-$ u$_n$ \par
? 
! Missing $ inserted.
<inserted text> 
                $
l.95 		\item On cherche pour \forall~n \geq 3~u$_
                                                 {n+1}$ $-$ u$_n$ \par
? 
! Missing $ inserted.
<inserted text> 
                $
l.96 ...$ u$_n$ = \dfrac{3\times (n+1)-1}{(n+1)-2}
                                                   - \dfrac{3\times n-1}{n-2...

? 
! Extra }, or forgotten $.
\@genfrac ...egingroup #4\endgroup #2#3\relax #5}}
                                                  
l.96 ...$ u$_n$ = \dfrac{3\times (n+1)-1}{(n+1)-2}
                                                   - \dfrac{3\times n-1}{n-2...

? 
! Missing $ inserted.
<inserted text> 
                $
l.103 		
        
? 
! Missing } inserted.
<inserted text> 
                }
l.103 		
        
? 
! Missing $ inserted.
<inserted text> 
                $
l.104 			Donc pour {n\geq
                         3}~on~a~bien~u$_{n+1}$ $-$ u$_n$ = \dfrac {-5}{(n-1...

? 
! Extra }, or forgotten $.
l.104 			Donc pour {n\geq3}
                           ~on~a~bien~u$_{n+1}$ $-$ u$_n$ = \dfrac {-5}{(n-1...

? 
! Missing $ inserted.
<inserted text> 
                $
l.104 			Donc pour {n\geq3}~on~a~bien~u$_
                                         {n+1}$ $-$ u$_n$ = \dfrac {-5}{(n-1...

? 
! Missing $ inserted.
<inserted text> 
                $
l.104 ...n+1}$ $-$ u$_n$ = \dfrac {-5}{(n-1)(n-2)}
                                                   \par
? 
! Extra }, or forgotten $.
\@genfrac ...egingroup #4\endgroup #2#3\relax #5}}
                                                  
l.104 ...n+1}$ $-$ u$_n$ = \dfrac {-5}{(n-1)(n-2)}
                                                   \par
? 
! Missing $ inserted.
<inserted text> 
                $
l.104 ... $-$ u$_n$ = \dfrac {-5}{(n-1)(n-2)} \par
                                                  
? 
! Missing } inserted.
<inserted text> 
                }
l.104 ... $-$ u$_n$ = \dfrac {-5}{(n-1)(n-2)} \par
                                                  
? 

Underfull \hbox (badness 10000) in paragraph at lines 105--106

 []


Underfull \hbox (badness 10000) in paragraph at lines 105--106

 []

! Missing } inserted.
<inserted text> 
                }
l.108 	\end{enumerate}
                      
? 
! Missing } inserted.
<inserted text> 
                }
l.108 	\end{enumerate}
                      
? 
! Missing } inserted.
<inserted text> 
                }
l.108 	\end{enumerate}
                      
? 
! Missing } inserted.
<inserted text> 
                }
l.108 	\end{enumerate}
                      
? 
! Missing } inserted.
<inserted text> 
                }
l.108 	\end{enumerate}
                      
? 

Package Fancyhdr Warning: \headheight is too small (12.0pt): 
Make it at least 14.49998pt.
We now make it that large for the rest of the document.
This may cause the page layout to be inconsistent, however.

[1{/var/lib/texmf/fonts/map/pdftex/updmap/pdftex.map}

]

! LaTeX Error: Lonely \item--perhaps a missing list environment.

See the LaTeX manual or LaTeX Companion for explanation.
Type  H <return>  for immediate help.
 ...                                              
                                                  
l.110 \item \underline
                      {\textbf{Exercice 2}}
? 

Underfull \hbox (badness 10000) detected at line 110
[][]
 []


Underfull \hbox (badness 10000) in paragraph at lines 112--119

 []

! Missing $ inserted.
<inserted text> 
                $
l.122 				\Leftrightarrow
                         	4ix = 2i\par
? 
! Missing $ inserted.
<inserted text> 
                $
l.122 				\Leftrightarrow	4ix = 2i\par
                                      
? 
! Missing } inserted.
<inserted text> 
                }
l.122 				\Leftrightarrow	4ix = 2i\par
                                      
? 
! Extra }, or forgotten \endgroup.
\par ...m \@noitemerr {\@@par }\fi \else {\@@par }
                                                  \fi 
l.122 				\Leftrightarrow	4ix = 2i\par
                                      
? 
! Missing $ inserted.
<inserted text> 
                $
l.123 		$x$ = \dfrac{2i}{4i}
                             \Leftrightarrow \dfrac{i}{2i} \Leftrightarrow \...

? 
! Extra }, or forgotten $.
\@genfrac ...egingroup #4\endgroup #2#3\relax #5}}
                                                  
l.123 		$x$ = \dfrac{2i}{4i}
                             \Leftrightarrow \dfrac{i}{2i} \Leftrightarrow \...

? 

! LaTeX Error: Command \end{flushleft} invalid in math mode.

See the LaTeX manual or LaTeX Companion for explanation.
Type  H <return>  for immediate help.
 ...                                              
                                                  
l.124 			\end{flushleft}
                        
? 

! LaTeX Error: Something's wrong--perhaps a missing \item.

See the LaTeX manual or LaTeX Companion for explanation.
Type  H <return>  for immediate help.
 ...                                              
                                                  
l.124 			\end{flushleft}
                        
? 

! LaTeX Error: Something's wrong--perhaps a missing \item.

See the LaTeX manual or LaTeX Companion for explanation.
Type  H <return>  for immediate help.
 ...                                              
                                                  
l.124 			\end{flushleft}
                        
? 
! Missing $ inserted.
<inserted text> 
                $
l.124 			\end{flushleft}
                        
? 
! Missing } inserted.
<inserted text> 
                }
l.124 			\end{flushleft}
                        
? 
! Missing $ inserted.
<inserted text> 
                $
l.129 				0 = 2$x$~+~2 \Leftrightarrow
                                       -2x = 2 \Leftrightarrow x = \dfrac {2...

? 

! LaTeX Error: Command \end{flushleft} invalid in math mode.

See the LaTeX manual or LaTeX Companion for explanation.
Type  H <return>  for immediate help.
 ...                                              
                                                  
l.130 \end{flushleft}
                     
? 
! Missing $ inserted.
<inserted text> 
                $
l.130 \end{flushleft}
                     
? 

! LaTeX Error: Lonely \item--perhaps a missing list environment.

See the LaTeX manual or LaTeX Companion for explanation.
Type  H <return>  for immediate help.
 ...                                              
                                                  
l.134 \item \underline
                      {\textbf{Exercice 3}}
? 

Underfull \hbox (badness 10000) detected at line 134
[][]
 []

! Missing $ inserted.
<inserted text> 
                $
l.138 				$z_1$ = \dfrac{3-i}{5+7i}
                                   ~~~~et~~~~$z_2$ = \dfrac{3+i}{5-7i}\par
? 
! Extra }, or forgotten $.
\@genfrac ...egingroup #4\endgroup #2#3\relax #5}}
                                                  
l.138 				$z_1$ = \dfrac{3-i}{5+7i}
                                   ~~~~et~~~~$z_2$ = \dfrac{3+i}{5-7i}\par
? 
! Missing $ inserted.
<inserted text> 
                $
l.138 				$z_1$ = \dfrac{3-i}{5+7i}~~~~et~~~~$z_
                                                2$ = \dfrac{3+i}{5-7i}\par
? 
! Missing $ inserted.
<inserted text> 
                $
l.138 ...{5+7i}~~~~et~~~~$z_2$ = \dfrac{3+i}{5-7i}
                                                  \par
? 
! Extra }, or forgotten $.
\@genfrac ...egingroup #4\endgroup #2#3\relax #5}}
                                                  
l.138 ...{5+7i}~~~~et~~~~$z_2$ = \dfrac{3+i}{5-7i}
                                                  \par
? 
! Missing $ inserted.
<inserted text> 
                $
l.138 ...i}~~~~et~~~~$z_2$ = \dfrac{3+i}{5-7i}\par
                                                  
? 
! Missing } inserted.
<inserted text> 
                }
l.138 ...i}~~~~et~~~~$z_2$ = \dfrac{3+i}{5-7i}\par
                                                  
? 
! Missing $ inserted.
<inserted text> 
                $
l.139 ...$z_2$ = \dfrac{(3+i)(5+7i)}{(5-7i)(5+7i)}
                                                   \Leftrightarrow \dfrac{15...

? 
! Extra }, or forgotten $.
\@genfrac ...egingroup #4\endgroup #2#3\relax #5}}
                                                  
l.139 ...$z_2$ = \dfrac{(3+i)(5+7i)}{(5-7i)(5+7i)}
                                                   \Leftrightarrow \dfrac{15...

? 
! Missing $ inserted.
<inserted text> 
                $
l.139 ...row \dfrac{4}{37} + \dfrac {13}{37}i \par
                                                  
? 
! Missing } inserted.
<inserted text> 
                }
l.139 ...row \dfrac{4}{37} + \dfrac {13}{37}i \par
                                                  
? 
! Missing $ inserted.
<inserted text> 
                $
l.140 			$\overline{z_2}$ = \dfrac{4}{37}
                                          - \dfrac {13}{37}i
? 
! Extra }, or forgotten $.
\@genfrac ...egingroup #4\endgroup #2#3\relax #5}}
                                                  
l.140 			$\overline{z_2}$ = \dfrac{4}{37}
                                          - \dfrac {13}{37}i
? 

! LaTeX Error: Command \end{flushleft} invalid in math mode.

See the LaTeX manual or LaTeX Companion for explanation.
Type  H <return>  for immediate help.
 ...                                              
                                                  
l.141 			\end{flushleft}
                        
? 

! LaTeX Error: Something's wrong--perhaps a missing \item.

See the LaTeX manual or LaTeX Companion for explanation.
Type  H <return>  for immediate help.
 ...                                              
                                                  
l.141 			\end{flushleft}
                        
? 

! LaTeX Error: Something's wrong--perhaps a missing \item.

See the LaTeX manual or LaTeX Companion for explanation.
Type  H <return>  for immediate help.
 ...                                              
                                                  
l.141 			\end{flushleft}
                        
? 
! Missing $ inserted.
<inserted text> 
                $
l.141 			\end{flushleft}
                        
? 
! Missing } inserted.
<inserted text> 
                }
l.141 			\end{flushleft}
                        
? 
! Missing } inserted.
<inserted text> 
                }
l.141 			\end{flushleft}
                        
? 
! Missing $ inserted.
<inserted text> 
                $
l.144 ...$z_1$ = \dfrac{(3-i)(5-7i)}{(5+7i)(5-7i)}
                                                   \Leftrightarrow \dfrac{15...

? 
! Extra }, or forgotten $.
\@genfrac ...egingroup #4\endgroup #2#3\relax #5}}
                                                  
l.144 ...$z_1$ = \dfrac{(3-i)(5-7i)}{(5+7i)(5-7i)}
                                                   \Leftrightarrow \dfrac{15...

? 

! LaTeX Error: There's no line here to end.

See the LaTeX manual or LaTeX Companion for explanation.
Type  H <return>  for immediate help.
 ...                                              
                                                  
l.144 ...arrow \dfrac{4}{37} - \dfrac {13}{37}i \\
                                                  
? 
! Missing $ inserted.
<inserted text> 
                $
l.144 ...arrow \dfrac{4}{37} - \dfrac {13}{37}i \\
                                                  
? 
! Missing } inserted.
<inserted text> 
                }
l.144 ...arrow \dfrac{4}{37} - \dfrac {13}{37}i \\
                                                  
? 
! Missing $ inserted.
<inserted text> 
                $
l.146 			$z_1$ = \dfrac{4}{37}
                               - \dfrac {13}{37}i \par
? 
! Extra }, or forgotten $.
\@genfrac ...egingroup #4\endgroup #2#3\relax #5}}
                                                  
l.146 			$z_1$ = \dfrac{4}{37}
                               - \dfrac {13}{37}i \par
? 
! Missing $ inserted.
<inserted text> 
                $
l.146 ...$ = \dfrac{4}{37} - \dfrac {13}{37}i \par
                                                  
? 
! Missing } inserted.
<inserted text> 
                }
l.146 ...$ = \dfrac{4}{37} - \dfrac {13}{37}i \par
                                                  
? 
! Missing $ inserted.
<inserted text> 
                $
l.152 				\left
                ( \dfrac{4}{37} + \dfrac{4}{37} \right ) + \left ( \dfrac{13...

? 

! LaTeX Error: Command \end{flushleft} invalid in math mode.

See the LaTeX manual or LaTeX Companion for explanation.
Type  H <return>  for immediate help.
 ...                                              
                                                  
l.153 			\end{flushleft}
                        
? 

! LaTeX Error: Something's wrong--perhaps a missing \item.

See the LaTeX manual or LaTeX Companion for explanation.
Type  H <return>  for immediate help.
 ...                                              
                                                  
l.153 			\end{flushleft}
                        
? 

! LaTeX Error: Something's wrong--perhaps a missing \item.

See the LaTeX manual or LaTeX Companion for explanation.
Type  H <return>  for immediate help.
 ...                                              
                                                  
l.153 			\end{flushleft}
                        
? 
! Missing $ inserted.
<inserted text> 
                $
l.153 			\end{flushleft}
                        
? 
! Missing $ inserted.
<inserted text> 
                $
l.157 				\left
                ( \dfrac{4}{37} - \dfrac{4}{37} \right ) + \left ( \dfrac{13...

? 

! LaTeX Error: Command \end{flushleft} invalid in math mode.

See the LaTeX manual or LaTeX Companion for explanation.
Type  H <return>  for immediate help.
 ...                                              
                                                  
l.158 			\end{flushleft}
                        
? 

! LaTeX Error: Something's wrong--perhaps a missing \item.

See the LaTeX manual or LaTeX Companion for explanation.
Type  H <return>  for immediate help.
 ...                                              
                                                  
l.158 			\end{flushleft}
                        
? 

! LaTeX Error: Something's wrong--perhaps a missing \item.

See the LaTeX manual or LaTeX Companion for explanation.
Type  H <return>  for immediate help.
 ...                                              
                                                  
l.158 			\end{flushleft}
                        
? 
! Missing $ inserted.
<inserted text> 
                $
l.158 			\end{flushleft}
                        
? 

! LaTeX Error: \begin{document} ended by \end{Exo}.

See the LaTeX manual or LaTeX Companion for explanation.
Type  H <return>  for immediate help.
 ...                                              
                                                  
l.162 \end{Exo}
               
? 
\tf@thm=\write5
\openout5 = `DM3.thm'.

[2] (./DM3.aux) ) 
Here is how much of TeX's memory you used:
 16953 strings out of 494108
 315313 string characters out of 6173646
 391790 words of memory out of 5000000
 20694 multiletter control sequences out of 15000+600000
 16414 words of font info for 56 fonts, out of 8000000 for 9000
 14 hyphenation exceptions out of 8191
 52i,14n,52p,811b,267s stack positions out of 5000i,500n,10000p,200000b,80000s
 </home/pinguin/.texlive2019/texmf-var/fonts/pk/ljfour/jknappe
n/ec/ecrm1095.600pk> </home/pinguin/.texlive2019/texmf-var/fonts/pk/ljfour/jkna
ppen/ec/ecbx1200.600pk> </home/pinguin/.texlive2019/texmf-var/fonts/pk/ljfour/j
knappen/ec/ecrm1440.600pk> </home/pinguin/.texlive2019/texmf-var/fonts/pk/ljfou
r/jknappen/ec/ecrm1200.600pk></usr/share/texlive/texmf-dist/fonts/type1/public/
amsfonts/cm/cmex10.pfb></usr/share/texlive/texmf-dist/fonts/type1/public/amsfon
ts/cm/cmmi10.pfb></usr/share/texlive/texmf-dist/fonts/type1/public/amsfonts/cm/
cmmi12.pfb></usr/share/texlive/texmf-dist/fonts/type1/public/amsfonts/cm/cmmi8.
pfb></usr/share/texlive/texmf-dist/fonts/type1/public/amsfonts/cm/cmr12.pfb></u
sr/share/texlive/texmf-dist/fonts/type1/public/amsfonts/cm/cmr8.pfb></usr/share
/texlive/texmf-dist/fonts/type1/public/amsfonts/cm/cmsy10.pfb></usr/share/texli
ve/texmf-dist/fonts/type1/public/amsfonts/latxfont/line10.pfb>
Output written on DM3.pdf (2 pages, 87067 bytes).
PDF statistics:
 131 PDF objects out of 1000 (max. 8388607)
 49 compressed objects within 1 object stream
 0 named destinations out of 1000 (max. 500000)
 13 words of extra memory for PDF output out of 10000 (max. 10000000)

