\BOOKMARK [1][-]{section.1}{Les M\351moires d'une \342me}{}% 1
\BOOKMARK [2][-]{subsection.1.1}{Victor Hugo}{section.1}% 2
\BOOKMARK [3][-]{subsubsection.1.1.1}{M\351lancholia 1 \(1\) }{subsection.1.1}% 3
\BOOKMARK [3][-]{subsubsection.1.1.2}{Cr\351puscule 2 \(2\)}{subsection.1.1}% 4
\BOOKMARK [2][-]{subsection.1.2}{Solitude 1 \(3\)}{section.1}% 5
\BOOKMARK [3][-]{subsubsection.1.2.1}{Alphonse de La Martine}{subsection.1.2}% 6
\BOOKMARK [2][-]{subsection.1.3}{Isolement 2 \(4\)}{section.1}% 7
\BOOKMARK [3][-]{subsubsection.1.3.1}{P\351trus Borel}{subsection.1.3}% 8
\BOOKMARK [1][-]{section.2}{Voltaire, esprit des Lumi\350res}{}% 9
\BOOKMARK [2][-]{subsection.2.1}{Voltaire}{section.2}% 10
\BOOKMARK [3][-]{subsubsection.2.1.1}{L'ing\351nu}{subsection.2.1}% 11
\BOOKMARK [4][-]{section*.2}{Texte 1 \(5\)}{subsubsection.2.1.1}% 12
\BOOKMARK [4][-]{section*.3}{Texte 2 \(6\)}{subsubsection.2.1.1}% 13
\BOOKMARK [3][-]{subsubsection.2.1.2}{Article "Guerre" 1 \(7\)}{subsection.2.1}% 14
\BOOKMARK [2][-]{subsection.2.2}{Suppl\351ment au voyage de Bougainville 2 \(8\)}{section.2}% 15
\BOOKMARK [3][-]{subsubsection.2.2.1}{Diderot}{subsection.2.2}% 16
\BOOKMARK [1][-]{section.3}{Sciences et fiction}{}% 17
\BOOKMARK [2][-]{subsection.3.1}{Jules VernesVoyage au centre de la Terre}{section.3}% 18
\BOOKMARK [3][-]{subsubsection.3.1.1}{Texte 1 \(10\)}{subsection.3.1}% 19
\BOOKMARK [3][-]{subsubsection.3.1.2}{Texte 2 \(11\)}{subsection.3.1}% 20
\BOOKMARK [2][-]{subsection.3.2}{Frankenstein ou le Prom\351th\351 moderne}{section.3}% 21
\BOOKMARK [3][-]{subsubsection.3.2.1}{Mary Shelly}{subsection.3.2}% 22
\BOOKMARK [1][-]{section.4}{La com\351die du valet}{}% 23
\BOOKMARK [2][-]{subsection.4.1}{Beaumarchais}{section.4}% 24
\BOOKMARK [3][-]{subsubsection.4.1.1}{Le Mariage de Figaro}{subsection.4.1}% 25
